<?xml version="1.0" encoding="UTF-8"?>
<!-- Generated by org.testng.reporters.JUnitReportReporter -->
<testsuite skipped="0" name="com.caratlane.test.VerifySolitaireRings" tests="1" failures="0" timestamp="30 Oct 2017 11:04:05 GMT" time="22.558" errors="0">
  <testcase name="goldRings" time="22.558" classname="com.caratlane.test.VerifySolitaireRings"/>
</testsuite> <!-- com.caratlane.test.VerifySolitaireRings -->
