<?xml version="1.0" encoding="UTF-8"?>
<!-- Generated by org.testng.reporters.JUnitReportReporter -->
<testsuite skipped="0" name="com.caratlane.test.VerifyDiamondRings" tests="1" failures="0" timestamp="30 Oct 2017 10:22:02 GMT" time="29.889" errors="0">
  <testcase name="goldRings" time="29.889" classname="com.caratlane.test.VerifyDiamondRings"/>
</testsuite> <!-- com.caratlane.test.VerifyDiamondRings -->
