<?xml version="1.0" encoding="UTF-8"?>
<!-- Generated by org.testng.reporters.JUnitReportReporter -->
<testsuite skipped="0" hostname="QSP-029" name="com.caratlane.test.ASortHighToLow" tests="1" failures="0" timestamp="09 Nov 2017 07:21:43 GMT" time="44.579" errors="0">
  <testcase name="sortJhumkasHighToLow" time="44.579" classname="com.caratlane.test.ASortHighToLow"/>
</testsuite> <!-- com.caratlane.test.ASortHighToLow -->
