<?xml version="1.0" encoding="UTF-8"?>
<!-- Generated by org.testng.reporters.JUnitReportReporter -->
<testsuite skipped="0" name="com.caratlane.test.VerifyPlatinumRings" tests="1" failures="0" timestamp="30 Oct 2017 10:33:52 GMT" time="22.534" errors="0">
  <testcase name="goldRings" time="22.534" classname="com.caratlane.test.VerifyPlatinumRings"/>
</testsuite> <!-- com.caratlane.test.VerifyPlatinumRings -->
