<?xml version="1.0" encoding="UTF-8"?>
<!-- Generated by org.testng.reporters.JUnitReportReporter -->
<testsuite skipped="0" name="com.caratlane.test.BanglesGoldPageVerify" tests="1" failures="0" timestamp="31 Oct 2017 06:19:34 GMT" time="40.992" errors="0">
  <testcase name="VerifyGoldBangles" time="40.992" classname="com.caratlane.test.BanglesGoldPageVerify"/>
</testsuite> <!-- com.caratlane.test.BanglesGoldPageVerify -->
