<?xml version="1.0" encoding="UTF-8"?>
<!-- Generated by org.testng.reporters.JUnitReportReporter -->
<testsuite skipped="0" hostname="QSP-029" name="com.caratlane.test.GemstoneRings" tests="1" failures="0" timestamp="30 Nov 2017 05:59:12 GMT" time="22.677" errors="0">
  <testcase name="verifyGemstoneRings" time="22.677" classname="com.caratlane.test.GemstoneRings"/>
</testsuite> <!-- com.caratlane.test.GemstoneRings -->
