<?xml version="1.0" encoding="UTF-8"?>
<!-- Generated by org.testng.reporters.JUnitReportReporter -->
<testsuite skipped="0" hostname="QSP-029" name="com.caratlane.test.VerifyGemstoneRings" tests="1" failures="0" timestamp="30 Oct 2017 10:56:02 GMT" time="26.734" errors="0">
  <testcase name="goldRings" time="26.734" classname="com.caratlane.test.VerifyGemstoneRings"/>
</testsuite> <!-- com.caratlane.test.VerifyGemstoneRings -->
