<?xml version="1.0" encoding="UTF-8"?>
<!-- Generated by org.testng.reporters.JUnitReportReporter -->
<testsuite skipped="0" name="com.caratlane.test.VerifyUSCurrency" tests="1" failures="0" timestamp="31 Oct 2017 05:28:01 GMT" time="66.152" errors="0">
  <testcase name="verifyUSCurrency" time="66.152" classname="com.caratlane.test.VerifyUSCurrency"/>
</testsuite> <!-- com.caratlane.test.VerifyUSCurrency -->
