<?xml version="1.0" encoding="UTF-8"?>
<!-- Generated by org.testng.reporters.JUnitReportReporter -->
<testsuite skipped="0" hostname="QSP-029" name="com.caratlane.test.AddBanglesToWishList" tests="1" failures="0" timestamp="03 Nov 2017 09:39:46 GMT" time="47.017" errors="0">
  <testcase name="VerifyGoldBangles" time="47.017" classname="com.caratlane.test.AddBanglesToWishList"/>
</testsuite> <!-- com.caratlane.test.AddBanglesToWishList -->
