<?xml version="1.0" encoding="UTF-8"?>
<!-- Generated by org.testng.reporters.JUnitReportReporter -->
<testsuite skipped="0" name="com.caratlane.test.DiamondRings" tests="1" failures="0" timestamp="17 Nov 2017 12:45:59 GMT" time="24.135" errors="0">
  <testcase name="verifyDiamondRings" time="24.135" classname="com.caratlane.test.DiamondRings"/>
</testsuite> <!-- com.caratlane.test.DiamondRings -->
