<?xml version="1.0" encoding="UTF-8"?>
<!-- Generated by org.testng.reporters.JUnitReportReporter -->
<testsuite skipped="0" name="com.caratlane.test.GoldBanglePageVerify" tests="1" failures="0" timestamp="30 Oct 2017 09:29:56 GMT" time="35.166" errors="0">
  <testcase name="GoldBangles" time="35.166" classname="com.caratlane.test.GoldBanglePageVerify"/>
</testsuite> <!-- com.caratlane.test.GoldBanglePageVerify -->
