<?xml version="1.0" encoding="UTF-8"?>
<!-- Generated by org.testng.reporters.JUnitReportReporter -->
<testsuite skipped="0" name="com.caratlane.test.VerifyCurrency" tests="1" failures="0" timestamp="31 Oct 2017 04:59:57 GMT" time="30.184" errors="0">
  <testcase name="verifyFlagsAndCurrency" time="30.184" classname="com.caratlane.test.VerifyCurrency"/>
</testsuite> <!-- com.caratlane.test.VerifyCurrency -->
