<?xml version="1.0" encoding="UTF-8"?>
<!-- Generated by org.testng.reporters.JUnitReportReporter -->
<testsuite skipped="1" hostname="QSP-029" name="com.caratlane.test.AustralianCurrencyVerify" tests="1" failures="0" timestamp="09 Nov 2017 07:20:02 GMT" time="0.000" errors="0">
  <testcase name="australianCurrency" time="0.000" classname="com.caratlane.test.AustralianCurrencyVerify">
    <skipped/>
  </testcase> <!-- australianCurrency -->
</testsuite> <!-- com.caratlane.test.AustralianCurrencyVerify -->
