<?xml version="1.0" encoding="UTF-8"?>
<!-- Generated by org.testng.reporters.JUnitReportReporter -->
<testsuite skipped="0" name="com.caratlane.test.GoldRingsCategory" tests="1" failures="0" timestamp="30 Oct 2017 10:04:10 GMT" time="35.957" errors="0">
  <testcase name="goldRings" time="35.957" classname="com.caratlane.test.GoldRingsCategory"/>
</testsuite> <!-- com.caratlane.test.GoldRingsCategory -->
