<?xml version="1.0" encoding="UTF-8"?>
<!-- Generated by org.testng.reporters.JUnitReportReporter -->
<testsuite skipped="0" hostname="QSP-029" name="com.caratlane.test.CheckFor22KaratYellowGoldRings" tests="1" failures="0" timestamp="30 Oct 2017 11:32:19 GMT" time="26.312" errors="0">
  <testcase name="ringsForWomen" time="26.312" classname="com.caratlane.test.CheckFor22KaratYellowGoldRings"/>
</testsuite> <!-- com.caratlane.test.CheckFor22KaratYellowGoldRings -->
