<?xml version="1.0" encoding="UTF-8"?>
<!-- Generated by org.testng.reporters.JUnitReportReporter -->
<testsuite skipped="0" name="com.caratlane.test.SortHighToLow" tests="1" failures="0" timestamp="30 Oct 2017 04:08:39 GMT" time="31.955" errors="0">
  <testcase name="jhumkas" time="31.955" classname="com.caratlane.test.SortHighToLow"/>
</testsuite> <!-- com.caratlane.test.SortHighToLow -->
