<?xml version="1.0" encoding="UTF-8"?>
<!-- Generated by org.testng.reporters.JUnitReportReporter -->
<testsuite skipped="0" hostname="QSP-029" name="com.caratlane.test.VerifyGoldRings" tests="1" failures="0" timestamp="30 Oct 2017 10:08:18 GMT" time="26.274" errors="0">
  <testcase name="goldRings" time="26.274" classname="com.caratlane.test.VerifyGoldRings"/>
</testsuite> <!-- com.caratlane.test.VerifyGoldRings -->
