<?xml version="1.0" encoding="UTF-8"?>
<!-- Generated by org.testng.reporters.JUnitReportReporter -->
<testsuite skipped="0" name="com.caratlane.test.VerifyRingsForWomen" tests="1" failures="0" timestamp="30 Oct 2017 11:18:17 GMT" time="23.902" errors="0">
  <testcase name="ringsForWomen" time="23.902" classname="com.caratlane.test.VerifyRingsForWomen"/>
</testsuite> <!-- com.caratlane.test.VerifyRingsForWomen -->
