<?xml version="1.0" encoding="UTF-8"?>
<!-- Generated by org.testng.reporters.JUnitReportReporter -->
<testsuite skipped="0" name="com.caratlane.test.VerifyBangleDetails" tests="1" failures="0" timestamp="30 Nov 2017 09:18:13 GMT" time="29.980" errors="0">
  <testcase name="VerifyGoldBangles" time="29.980" classname="com.caratlane.test.VerifyBangleDetails"/>
</testsuite> <!-- com.caratlane.test.VerifyBangleDetails -->
