<?xml version="1.0" encoding="UTF-8"?>
<!-- Generated by org.testng.reporters.JUnitReportReporter -->
<testsuite skipped="0" name="com.caratlane.test.CartIncrement" tests="1" failures="0" timestamp="30 Oct 2017 06:54:25 GMT" time="31.359" errors="0">
  <testcase name="GoldBangles" time="31.359" classname="com.caratlane.test.CartIncrement"/>
</testsuite> <!-- com.caratlane.test.CartIncrement -->
