<?xml version="1.0" encoding="UTF-8"?>
<!-- Generated by org.testng.reporters.JUnitReportReporter -->
<testsuite skipped="0" hostname="QSP-029" name="com.caratlane.test.GoldRings" tests="1" failures="0" timestamp="30 Nov 2017 06:11:07 GMT" time="24.260" errors="0">
  <testcase name="verifyGoldRings" time="24.260" classname="com.caratlane.test.GoldRings"/>
</testsuite> <!-- com.caratlane.test.GoldRings -->
