<?xml version="1.0" encoding="UTF-8"?>
<!-- Generated by org.testng.reporters.JUnitReportReporter -->
<testsuite skipped="0" name="com.caratlane.test.Test1" tests="1" failures="0" timestamp="30 Oct 2017 03:58:25 GMT" time="31.156" errors="0">
  <testcase name="jhumkas" time="31.156" classname="com.caratlane.test.Test1"/>
</testsuite> <!-- com.caratlane.test.Test1 -->
